<?xml version="1.0" encoding="UTF-8"?>
<testsuite xmlns:xsi="http://www.w3.org/2001/XMLSchema-instance" xsi:noNamespaceSchemaLocation="https://maven.apache.org/surefire/maven-surefire-plugin/xsd/surefire-test-report-3.0.xsd" version="3.0" name="TestSuite" time="29.897" tests="4" errors="0" skipped="0" failures="0">
  <properties>
[...]
</properties>
  <testcase name="runScenario[&quot;Navigating to forgotten password page&quot;, &quot;Login functionality for SalesforceDev&quot;](1)" classname="runner.TestRunner" time="16.503">
    <system-out><![CDATA[...
... TestNG 7.7.1 by Cédric Beust (cedric@beust.com)
...


@tag @tag2
Scenario Outline: Unsuccessful login with invalid or empty credentials        # src/test/resources/features/login.feature:26

@tag @tag2
Scenario Outline: Unsuccessful login with invalid or empty credentials        # src/test/resources/features/login.feature:27

@tag @tag1
Scenario: Successful Login With Valid credentials    # src/test/resources/features/login.feature:13

@tag @tag3
Scenario: Navigating to forgotten password page          # src/test/resources/features/login.feature:30
  Given I am on the Saleforce login page                                      # stepDefination.loginStepDef.I_am_on_the_Saleforce_login_page()
  Given I am on the Saleforce login page                 # stepDefination.loginStepDef.I_am_on_the_Saleforce_login_page()
  Given I am on the Saleforce login page             # stepDefination.loginStepDef.I_am_on_the_Saleforce_login_page()
  Given I am on the Saleforce login page                                      # stepDefination.loginStepDef.I_am_on_the_Saleforce_login_page()
  When I click on the "Forgotten password" Link          # stepDefination.loginStepDef.I_click_on_the_Forgotten_password_Link()
  Then I should be redirected to the password reset page # stepDefination.loginStepDef.i_should_be_redirected()
]]></system-out>
    <system-err><![CDATA[SLF4J: Failed to load class "org.slf4j.impl.StaticLoggerBinder".
SLF4J: Defaulting to no-operation (NOP) logger implementation
SLF4J: See http://www.slf4j.org/codes.html#StaticLoggerBinder for further details.
SStSSatttraaatrrrittntiigni gnnC ghgCr h oCmhrCeroDohrmmreeoiDDmvrreeiDirvr evi1erv1 re4 1r. 110114.41..5400.7..0355.5775.33795350.5 .9.9(0930 08 ( 6(3(b338c886066bb9bccec008909f9ee48e8ff82f4e4ff0f4222ef5e02e20de52d0e52ade5edd1eadd2ead13e2f13a32fe6331ff6236f3626f623366f0f369602626a936e064399a6-0rae9ee44f69s9-/arb-reerfa4es9nf/-csb/rhrbe-arfhnseac/anhbdc-srhh/ae-5nadc7hs3eh/5-ah@5de{7s#a3/d155s075/@352{57#}@3)1{50 #@o1{5#n021 5}p02)o5}r2 )}to )n o  8nop9n 6op 3pororr
tt tO n 339l429y54 822l29o7ca


lOOOnnn cllloyyy  n llnlooeocccctaaalill o cn csoco nonannernnceee tciactlotlniiosoo wnneassrd .e a aar
rlPelel o eawaaleslledlo. oswwe
eePeddl .eh.at
ts
Ppels P:sel/eaee/sac ehhs trseotemp eses :dehr/te/i vcthehptrrso.t:mcp/ehs/rd:cor/imh/virceuohrmrm..oeocdhrrgrmo/iemsvdeirecuirumv..reoicrrthyg.-/rcschoeormncoisuuirmdimiet.urymoa-.tcroiogron/gnssis/e dscfeeurocraruit ristiouytgn-ygs-ce csfoootnnrisso iisndduseeg rgornaea stttkiiieooennpssio nongns  Ck hefreopormi ensgDr uiChvrero mesaDrfeiv.er
 safe.
 ggfeosrt isuogngse sotn iokneesp ionn g keCehpriomngeD Crhivreomre Dsraifeve.r
 safe.
ChromeDriver was started successfully.
ChromeDriver was started successfully.
ChromeDriver was started successfully.
ChromeDriver was started successfully.
Jul 26, 2023 5:02:32 AM org.openqa.selenium.devtools.CdpVersionFinder findNearestMatch
WARNING: Unable to find an exact match for CDP version 114, so returning the closest version found: 111
Jul 26, 2023 5:02:32 AM org.openqa.selenium.devtools.CdpVersionFinder findNearestMatch
WARNING: Unable to find an exact match for CDP version 114, so returning the closest version found: 111
Jul 26, 2023 5:02:32 AM org.openqa.selenium.devtools.CdpVersionFinder findNearestMatch
WARNING: Unable to find an exact match for CDP version 114, so returning the closest version found: 111
Jul 26, 2023 5:02:32 AM org.openqa.selenium.devtools.CdpVersionFinder findNearestMatch
WARNING: Unable to find an exact match for CDP version 114, so returning the closest version found: 111
]]></system-err>
  </testcase>
  <testcase name="runScenario[&quot;Unsuccessful login with invalid or empty credentials&quot;, &quot;Login functionality for SalesforceDev&quot;](2)" classname="runner.TestRunner" time="18.641">
    <system-out><![CDATA[  Given I have entered an invalid "princejosh96-qs1n@force.com" and "Joshy1"  # stepDefination.loginStepDef.i_have_entered_invalid_and(java.lang.String,java.lang.String)
  Given I have entered an invalid "joshy96@urctech.com" and "Jshy1T@"         # stepDefination.loginStepDef.i_have_entered_invalid_and(java.lang.String,java.lang.String)
  Given I have entered a valid Username and password # stepDefination.loginStepDef.I_have_entered_a_valid_Username_and_password()
  When I click on the login button                                            # stepDefination.loginStepDef.I_click_on_the_login_button()
  When I click on the login button                                            # stepDefination.loginStepDef.I_click_on_the_login_button()
  Then I should see an error message indicated "invalid username or password" # stepDefination.loginStepDef.I_should_see_an_error_message()
  Then I should see an error message indicated "invalid username or password" # stepDefination.loginStepDef.I_should_see_an_error_message()
]]></system-out>
  </testcase>
  <testcase name="runScenario[&quot;Unsuccessful login with invalid or empty credentials&quot;, &quot;Login functionality for SalesforceDev&quot;](3)" classname="runner.TestRunner" time="18.671"/>
  <testcase name="runScenario[&quot;Successful Login With Valid credentials&quot;, &quot;Login functionality for SalesforceDev&quot;](4)" classname="runner.TestRunner" time="24.66">
    <system-out><![CDATA[  When I click on the login button                   # stepDefination.loginStepDef.I_click_on_the_login_button()
  Then I should be logged in successfully            # stepDefination.loginStepDef.I_should_be_logged_in_successfully()
]]></system-out>
  </testcase>
</testsuite>